Log file open, 02/18/19 18:44:45
LogWindows: Failed to load 'aqProf.dll' (GetLastError=126)
LogWindows: File 'aqProf.dll' does not exist
LogWindows: Failed to load 'VtuneApi.dll' (GetLastError=126)
LogWindows: File 'VtuneApi.dll' does not exist
LogWindows: Failed to load 'VtuneApi32e.dll' (GetLastError=126)
LogWindows: File 'VtuneApi32e.dll' does not exist
LogConsoleResponse: Display: Failed to find resolution value strings in scalability ini. Falling back to default.
LogInit: Display: Running engine for game: Material_Template
LogPakFile: Registered encryption key '00000000000000000000000000000000': 0 pak files mounted, 0 remain pending
LogPlatformFile: Not using cached read wrapper
LogTaskGraph: Started task graph with 5 named threads and 23 total threads with 3 sets of task threads.
LogStats: Stats thread started at 0.331827
LogD3D11RHI: Loaded GFSDK_Aftermath_Lib.x64.dll
LogICUInternationalization: ICU TimeZone Detection - Raw Offset: +10:00, Platform Override: ''
LogPluginManager: Mounting plugin Paper2D
LogPluginManager: Mounting plugin AISupport
LogPluginManager: Mounting plugin LightPropagationVolume
LogPluginManager: Mounting plugin ActorLayerUtilities
LogPluginManager: Mounting plugin CLionSourceCodeAccess
LogPluginManager: Mounting plugin CodeLiteSourceCodeAccess
LogPluginManager: Mounting plugin GitSourceControl
LogPluginManager: Mounting plugin KDevelopSourceCodeAccess
LogPluginManager: Mounting plugin NullSourceCodeAccess
LogPluginManager: Mounting plugin PerforceSourceControl
LogPluginManager: Mounting plugin SubversionSourceControl
LogPluginManager: Mounting plugin UObjectPlugin
LogPluginManager: Mounting plugin VisualStudioCodeSourceCodeAccess
LogPluginManager: Mounting plugin VisualStudioSourceCodeAccess
LogPluginManager: Mounting plugin XCodeSourceCodeAccess
LogPluginManager: Mounting plugin AssetManagerEditor
LogPluginManager: Mounting plugin CryptoKeys
LogPluginManager: Mounting plugin DataValidation
LogPluginManager: Mounting plugin EditorScriptingUtilities
LogPluginManager: Mounting plugin FacialAnimation
LogPluginManager: Mounting plugin GameplayTagsEditor
LogPluginManager: Mounting plugin MacGraphicsSwitching
LogPluginManager: Mounting plugin MeshEditor
LogPluginManager: Mounting plugin MobileLauncherProfileWizard
LogPluginManager: Mounting plugin PluginBrowser
LogPluginManager: Mounting plugin SpeedTreeImporter
LogPluginManager: Mounting plugin DatasmithContent
LogPluginManager: Mounting plugin VariantManagerContent
LogPluginManager: Mounting plugin AlembicImporter
LogPluginManager: Mounting plugin AppleImageUtils
LogPluginManager: Mounting plugin AppleVision
LogPluginManager: Mounting plugin BackChannel
LogPluginManager: Mounting plugin CharacterAI
LogPluginManager: Mounting plugin GeometryCache
LogPluginManager: Mounting plugin HTML5Networking
LogPluginManager: Mounting plugin ProxyLODPlugin
LogPluginManager: Mounting plugin MagicLeap
LogPluginManager: Mounting plugin MagicLeapMedia
LogPluginManager: Mounting plugin Substance
LogPluginManager: Mounting plugin AndroidMedia
LogPluginManager: Mounting plugin AvfMedia
LogPluginManager: Mounting plugin ImgMedia
LogPluginManager: Mounting plugin LinearTimecode
LogPluginManager: Mounting plugin MediaCompositing
LogPluginManager: Mounting plugin MediaPlayerEditor
LogPluginManager: Mounting plugin WebMMedia
LogPluginManager: Mounting plugin WmfMedia
LogPluginManager: Mounting plugin TcpMessaging
LogPluginManager: Mounting plugin UdpMessaging
LogPluginManager: Mounting plugin ActorSequence
LogPluginManager: Mounting plugin LevelSequenceEditor
LogPluginManager: Mounting plugin MatineeToLevelSequence
LogPluginManager: Mounting plugin NetcodeUnitTest
LogPluginManager: Mounting plugin NUTUnrealEngine4
LogPluginManager: Mounting plugin OnlineSubsystemGooglePlay
LogPluginManager: Mounting plugin OnlineSubsystemIOS
LogPluginManager: Mounting plugin OnlineSubsystem
LogPluginManager: Mounting plugin OnlineSubsystemNull
LogPluginManager: Mounting plugin OnlineSubsystemUtils
LogPluginManager: Mounting plugin LauncherChunkInstaller
LogPluginManager: Mounting plugin AndroidDeviceProfileSelector
LogPluginManager: Mounting plugin AndroidMoviePlayer
LogPluginManager: Mounting plugin AndroidPermission
LogPluginManager: Mounting plugin AppleMoviePlayer
LogPluginManager: Mounting plugin ArchVisCharacter
LogPluginManager: Mounting plugin AudioCapture
LogPluginManager: Mounting plugin CableComponent
LogPluginManager: Mounting plugin CustomMeshComponent
LogPluginManager: Mounting plugin EditableMesh
LogPluginManager: Mounting plugin ExampleDeviceProfileSelector
LogPluginManager: Mounting plugin Firebase
LogPluginManager: Mounting plugin GoogleCloudMessaging
LogPluginManager: Mounting plugin IOSDeviceProfileSelector
LogPluginManager: Mounting plugin LinuxDeviceProfileSelector
LogPluginManager: Mounting plugin LocationServicesBPLibrary
LogPluginManager: Mounting plugin MobilePatchingUtils
LogPluginManager: Mounting plugin OculusVR
LogPluginManager: Mounting plugin PhysXVehicles
LogPluginManager: Mounting plugin ProceduralMeshComponent
LogPluginManager: Mounting plugin RuntimePhysXCooking
LogPluginManager: Mounting plugin SteamVR
LogPluginManager: Mounting plugin WebMMoviePlayer
LogPluginManager: Mounting plugin WindowsMoviePlayer
LogPluginManager: Mounting plugin UEAnimaLoader
LogPluginManager: Mounting plugin UnrealEnginePython
LogPluginManager: Mounting plugin DatasmithCADImporter
LogPluginManager: Mounting plugin DatasmithFBXImporter
LogPluginManager: Mounting plugin DatasmithImporter
LogPluginManager: Mounting plugin MDLImporter
LogPluginManager: Mounting plugin StaticMeshEditorExtension
LogPluginManager: Mounting plugin VariantManager
LogStreaming: Display: Took  1.585s to configure plugins.
LogInit: Using libcurl 7.55.1-DEV
LogInit:  - built for x86_64-pc-win32
LogInit:  - supports SSL with OpenSSL/1.0.2h
LogInit:  - supports HTTP deflate (compression) using libz 1.2.8
LogInit:  - other features:
LogInit:      CURL_VERSION_SSL
LogInit:      CURL_VERSION_LIBZ
LogInit:      CURL_VERSION_IPV6
LogInit:      CURL_VERSION_ASYNCHDNS
LogInit:      CURL_VERSION_LARGEFILE
LogInit:      CURL_VERSION_IDN
LogInit:  CurlRequestOptions (configurable via config and command line):
LogInit:  - bVerifyPeer = true  - Libcurl will verify peer certificate
LogInit:  - bUseHttpProxy = false  - Libcurl will NOT use HTTP proxy
LogInit:  - bDontReuseConnections = false  - Libcurl will reuse connections
LogInit:  - MaxHostConnections = 16  - Libcurl will limit the number of connections to a host
LogInit:  - LocalHostAddr = Default
LogInit:  - BufferSize = 65536
LogInit: WinSock: version 1.1 (2.2), MaxSocks=32767, MaxUdp=65467
LogInit: Build: ++UE4+Release-4.21-CL-4753647
LogInit: Engine Version: 4.21.2-4753647+++UE4+Release-4.21
LogInit: Compatible Engine Version: 4.21.0-4541578+++UE4+Release-4.21
LogInit: Net CL: 4541578
LogInit: OS: Windows 10 (), CPU: Intel(R) Core(TM) i7-4790 CPU @ 3.60GHz, GPU: NVIDIA GeForce GTX 1070
LogInit: Compiled (64-bit): Jan 19 2019 02:07:31
LogInit: Compiled with Visual C++: 19.13.26129.00
LogInit: Build Configuration: Development
LogInit: Branch Name: ++UE4+Release-4.21
LogInit: Command Line: 
LogInit: Base Directory: C:/Program Files/Epic Games/UE_4.21/Engine/Binaries/Win64/
LogInit: Installed Engine Build: 1
LogDevObjectVersion: Number of dev versions registered: 22
LogDevObjectVersion:   Dev-Blueprints (B0D832E4-1F89-4F0D-ACCF-7EB736FD4AA2): 10
LogDevObjectVersion:   Dev-Build (E1C64328-A22C-4D53-A36C-8E866417BD8C): 0
LogDevObjectVersion:   Dev-Core (375EC13C-06E4-48FB-B500-84F0262A717E): 2
LogDevObjectVersion:   Dev-Editor (E4B068ED-F494-42E9-A231-DA0B2E46BB41): 26
LogDevObjectVersion:   Dev-Framework (CFFC743F-43B0-4480-9391-14DF171D2073): 34
LogDevObjectVersion:   Dev-Mobile (B02B49B5-BB20-44E9-A304-32B752E40360): 2
LogDevObjectVersion:   Dev-Networking (A4E4105C-59A1-49B5-A7C5-40C4547EDFEE): 0
LogDevObjectVersion:   Dev-Online (39C831C9-5AE6-47DC-9A44-9C173E1C8E7C): 0
LogDevObjectVersion:   Dev-Physics (78F01B33-EBEA-4F98-B9B4-84EACCB95AA2): 0
LogDevObjectVersion:   Dev-Platform (6631380F-2D4D-43E0-8009-CF276956A95A): 0
LogDevObjectVersion:   Dev-Rendering (12F88B9F-8875-4AFC-A67C-D90C383ABD29): 27
LogDevObjectVersion:   Dev-Sequencer (7B5AE74C-D270-4C10-A958-57980B212A5A): 9
LogDevObjectVersion:   Dev-VR (D7296918-1DD6-4BDD-9DE2-64A83CC13884): 2
LogDevObjectVersion:   Dev-LoadTimes (C2A15278-BFE7-4AFE-6C17-90FF531DF755): 1
LogDevObjectVersion:   Private-Geometry (6EACA3D4-40EC-4CC1-B786-8BED09428FC5): 3
LogDevObjectVersion:   Dev-AnimPhys (29E575DD-E0A3-4627-9D10-D276232CDCEA): 17
LogDevObjectVersion:   Dev-Anim (AF43A65D-7FD3-4947-9873-3E8ED9C1BB05): 2
LogDevObjectVersion:   Dev-ReflectionCapture (6B266CEC-1EC7-4B8F-A30B-E4D90942FC07): 1
LogDevObjectVersion:   Dev-Automation (0DF73D61-A23F-47EA-B727-89E90C41499A): 1
LogDevObjectVersion:   FortniteMain (601D1886-AC64-4F84-AA16-D3DE0DEAC7D6): 17
LogDevObjectVersion:   Dev-Enterprise (9DFFBCD6-494F-0158-E221-12823C92A888): 4
LogDevObjectVersion:   Dev-Niagara (F2AED0AC-9AFE-416F-8664-AA7FFA26D6FC): 1
LogStreaming: Display: Took  0.008s to delete old logs.
LogInit: Presizing for max 8388607 objects, including 0 objects not considered by GC, pre-allocating 0 bytes for permanent pool.
LogInit: Object subsystem initialized
LogConfig: Setting CVar [[con.DebugEarlyDefault:1]]
LogConfig: Setting CVar [[r.setres:1280x720]]
[2019.02.18-07.44.47:917][  0]LogConfig: Setting CVar [[r.VSync:0]]
[2019.02.18-07.44.47:917][  0]LogConfig: Setting CVar [[r.RHICmdBypass:0]]
[2019.02.18-07.44.47:918][  0]LogConfig: Applying CVar settings from Section [/Script/Engine.RendererSettings] File [V:/200 - Game Engine/Github/Material_Library/Material_Library/Saved/Config/Windows/Engine.ini]
[2019.02.18-07.44.47:918][  0]LogConfig: Setting CVar [[r.GPUCrashDebugging:0]]
[2019.02.18-07.44.47:918][  0]LogConfig: Applying CVar settings from Section [/Script/Engine.RendererOverrideSettings] File [V:/200 - Game Engine/Github/Material_Library/Material_Library/Saved/Config/Windows/Engine.ini]
[2019.02.18-07.44.47:918][  0]LogConfig: Applying CVar settings from Section [/Script/Engine.StreamingSettings] File [V:/200 - Game Engine/Github/Material_Library/Material_Library/Saved/Config/Windows/Engine.ini]
[2019.02.18-07.44.47:918][  0]LogConfig: Setting CVar [[s.MinBulkDataSizeForAsyncLoading:131072]]
[2019.02.18-07.44.47:918][  0]LogConfig: Setting CVar [[s.AsyncLoadingThreadEnabled:0]]
[2019.02.18-07.44.47:918][  0]LogConfig: Setting CVar [[s.EventDrivenLoaderEnabled:1]]
[2019.02.18-07.44.47:918][  0]LogConfig: Setting CVar [[s.WarnIfTimeLimitExceeded:0]]
[2019.02.18-07.44.47:918][  0]LogConfig: Setting CVar [[s.TimeLimitExceededMultiplier:1.5]]
[2019.02.18-07.44.47:918][  0]LogConfig: Setting CVar [[s.TimeLimitExceededMinTime:0.005]]
[2019.02.18-07.44.47:918][  0]LogConfig: Setting CVar [[s.UseBackgroundLevelStreaming:1]]
[2019.02.18-07.44.47:918][  0]LogConfig: Setting CVar [[s.PriorityAsyncLoadingExtraTime:15.0]]
[2019.02.18-07.44.47:918][  0]LogConfig: Setting CVar [[s.LevelStreamingActorsUpdateTimeLimit:5.0]]
[2019.02.18-07.44.47:918][  0]LogConfig: Setting CVar [[s.PriorityLevelStreamingActorsUpdateExtraTime:5.0]]
[2019.02.18-07.44.47:918][  0]LogConfig: Setting CVar [[s.LevelStreamingComponentsRegistrationGranularity:10]]
[2019.02.18-07.44.47:918][  0]LogConfig: Setting CVar [[s.UnregisterComponentsTimeLimit:1.0]]
[2019.02.18-07.44.47:918][  0]LogConfig: Setting CVar [[s.LevelStreamingComponentsUnregistrationGranularity:5]]
[2019.02.18-07.44.47:918][  0]LogConfig: Applying CVar settings from Section [/Script/Engine.GarbageCollectionSettings] File [V:/200 - Game Engine/Github/Material_Library/Material_Library/Saved/Config/Windows/Engine.ini]
[2019.02.18-07.44.47:918][  0]LogConfig: Setting CVar [[gc.MaxObjectsNotConsideredByGC:1]]
[2019.02.18-07.44.47:918][  0]LogConfig: Setting CVar [[gc.SizeOfPermanentObjectPool:0]]
[2019.02.18-07.44.47:918][  0]LogConfig: Setting CVar [[gc.FlushStreamingOnGC:0]]
[2019.02.18-07.44.47:918][  0]LogConfig: Setting CVar [[gc.NumRetriesBeforeForcingGC:10]]
[2019.02.18-07.44.47:918][  0]LogConfig: Setting CVar [[gc.AllowParallelGC:1]]
[2019.02.18-07.44.47:918][  0]LogConfig: Setting CVar [[gc.TimeBetweenPurgingPendingKillObjects:61.1]]
[2019.02.18-07.44.47:918][  0]LogConfig: Setting CVar [[gc.MaxObjectsInEditor:8388607]]
[2019.02.18-07.44.47:918][  0]LogConfig: Setting CVar [[gc.IncrementalBeginDestroyEnabled:1]]
[2019.02.18-07.44.47:918][  0]LogConfig: Setting CVar [[gc.CreateGCClusters:1]]
[2019.02.18-07.44.47:918][  0]LogConfig: Setting CVar [[gc.MergeGCClusters:0]]
[2019.02.18-07.44.47:918][  0]LogConfig: Setting CVar [[gc.MinGCClusterSize:5]]
[2019.02.18-07.44.47:918][  0]LogConfig: Setting CVar [[gc.ActorClusteringEnabled:0]]
[2019.02.18-07.44.47:918][  0]LogConfig: Setting CVar [[gc.BlueprintClusteringEnabled:0]]
[2019.02.18-07.44.47:918][  0]LogConfig: Setting CVar [[gc.UseDisregardForGCOnDedicatedServers:0]]
[2019.02.18-07.44.47:918][  0]LogConfig: Applying CVar settings from Section [/Script/Engine.NetworkSettings] File [V:/200 - Game Engine/Github/Material_Library/Material_Library/Saved/Config/Windows/Engine.ini]
[2019.02.18-07.44.47:918][  0]LogConfig: Applying CVar settings from Section [/Script/UnrealEd.CookerSettings] File [V:/200 - Game Engine/Github/Material_Library/Material_Library/Saved/Config/Windows/Engine.ini]
[2019.02.18-07.44.47:929][  0]LogConfig: Applying CVar settings from Section [ViewDistanceQuality@3] File [V:/200 - Game Engine/Github/Material_Library/Material_Library/Saved/Config/Windows/Scalability.ini]
[2019.02.18-07.44.47:929][  0]LogConfig: Setting CVar [[r.SkeletalMeshLODBias:0]]
[2019.02.18-07.44.47:929][  0]LogConfig: Setting CVar [[r.ViewDistanceScale:1.0]]
[2019.02.18-07.44.47:929][  0]LogConfig: Applying CVar settings from Section [AntiAliasingQuality@3] File [V:/200 - Game Engine/Github/Material_Library/Material_Library/Saved/Config/Windows/Scalability.ini]
[2019.02.18-07.44.47:929][  0]LogConfig: Setting CVar [[r.PostProcessAAQuality:4]]
[2019.02.18-07.44.47:929][  0]LogConfig: Applying CVar settings from Section [ShadowQuality@3] File [V:/200 - Game Engine/Github/Material_Library/Material_Library/Saved/Config/Windows/Scalability.ini]
[2019.02.18-07.44.47:929][  0]LogConfig: Setting CVar [[r.LightFunctionQuality:1]]
[2019.02.18-07.44.47:929][  0]LogConfig: Setting CVar [[r.ShadowQuality:5]]
[2019.02.18-07.44.47:929][  0]LogConfig: Setting CVar [[r.Shadow.CSM.MaxCascades:10]]
[2019.02.18-07.44.47:929][  0]LogConfig: Setting CVar [[r.Shadow.MaxResolution:2048]]
[2019.02.18-07.44.47:929][  0]LogConfig: Setting CVar [[r.Shadow.MaxCSMResolution:2048]]
[2019.02.18-07.44.47:929][  0]LogConfig: Setting CVar [[r.Shadow.RadiusThreshold:0.01]]
[2019.02.18-07.44.47:929][  0]LogConfig: Setting CVar [[r.Shadow.DistanceScale:1.0]]
[2019.02.18-07.44.47:929][  0]LogConfig: Setting CVar [[r.Shadow.CSM.TransitionScale:1.0]]
[2019.02.18-07.44.47:929][  0]LogConfig: Setting CVar [[r.Shadow.PreShadowResolutionFactor:1.0]]
[2019.02.18-07.44.47:929][  0]LogConfig: Setting CVar [[r.DistanceFieldShadowing:1]]
[2019.02.18-07.44.47:929][  0]LogConfig: Setting CVar [[r.DistanceFieldAO:1]]
[2019.02.18-07.44.47:929][  0]LogConfig: Setting CVar [[r.AOQuality:2]]
[2019.02.18-07.44.47:929][  0]LogConfig: Setting CVar [[r.VolumetricFog:1]]
[2019.02.18-07.44.47:929][  0]LogConfig: Setting CVar [[r.VolumetricFog.GridPixelSize:8]]
[2019.02.18-07.44.47:929][  0]LogConfig: Setting CVar [[r.VolumetricFog.GridSizeZ:128]]
[2019.02.18-07.44.47:929][  0]LogConfig: Setting CVar [[r.VolumetricFog.HistoryMissSupersampleCount:4]]
[2019.02.18-07.44.47:929][  0]LogConfig: Setting CVar [[r.LightMaxDrawDistanceScale:1]]
[2019.02.18-07.44.47:929][  0]LogConfig: Setting CVar [[r.CapsuleShadows:1]]
[2019.02.18-07.44.47:929][  0]LogConfig: Applying CVar settings from Section [PostProcessQuality@3] File [V:/200 - Game Engine/Github/Material_Library/Material_Library/Saved/Config/Windows/Scalability.ini]
[2019.02.18-07.44.47:929][  0]LogConfig: Setting CVar [[r.MotionBlurQuality:4]]
[2019.02.18-07.44.47:929][  0]LogConfig: Setting CVar [[r.AmbientOcclusionMipLevelFactor:0.4]]
[2019.02.18-07.44.47:929][  0]LogConfig: Setting CVar [[r.AmbientOcclusionMaxQuality:100]]
[2019.02.18-07.44.47:929][  0]LogConfig: Setting CVar [[r.AmbientOcclusionLevels:-1]]
[2019.02.18-07.44.47:929][  0]LogConfig: Setting CVar [[r.AmbientOcclusionRadiusScale:1.0]]
[2019.02.18-07.44.47:929][  0]LogConfig: Setting CVar [[r.DepthOfFieldQuality:2]]
[2019.02.18-07.44.47:929][  0]LogConfig: Setting CVar [[r.RenderTargetPoolMin:400]]
[2019.02.18-07.44.47:929][  0]LogConfig: Setting CVar [[r.LensFlareQuality:2]]
[2019.02.18-07.44.47:930][  0]LogConfig: Setting CVar [[r.SceneColorFringeQuality:1]]
[2019.02.18-07.44.47:930][  0]LogConfig: Setting CVar [[r.EyeAdaptationQuality:2]]
[2019.02.18-07.44.47:930][  0]LogConfig: Setting CVar [[r.BloomQuality:5]]
[2019.02.18-07.44.47:930][  0]LogConfig: Setting CVar [[r.FastBlurThreshold:100]]
[2019.02.18-07.44.47:930][  0]LogConfig: Setting CVar [[r.Upscale.Quality:3]]
[2019.02.18-07.44.47:930][  0]LogConfig: Setting CVar [[r.Tonemapper.GrainQuantization:1]]
[2019.02.18-07.44.47:930][  0]LogConfig: Setting CVar [[r.LightShaftQuality:1]]
[2019.02.18-07.44.47:930][  0]LogConfig: Setting CVar [[r.Filter.SizeScale:1]]
[2019.02.18-07.44.47:930][  0]LogConfig: Setting CVar [[r.Tonemapper.Quality:5]]
[2019.02.18-07.44.47:930][  0]LogConfig: Setting CVar [[r.DOF.Gather.AccumulatorQuality:1        ; higher gathering accumulator quality]]
[2019.02.18-07.44.47:930][  0]LogConfig: Setting CVar [[r.DOF.Gather.PostfilterMethod:1          ; Median3x3 postfilering method]]
[2019.02.18-07.44.47:930][  0]LogConfig: Setting CVar [[r.DOF.Gather.EnableBokehSettings:0       ; no bokeh simulation when gathering]]
[2019.02.18-07.44.47:930][  0]LogConfig: Setting CVar [[r.DOF.Gather.RingCount:4                 ; medium number of samples when gathering]]
[2019.02.18-07.44.47:930][  0]LogConfig: Setting CVar [[r.DOF.Scatter.ForegroundCompositing:1    ; additive foreground scattering]]
[2019.02.18-07.44.47:930][  0]LogConfig: Setting CVar [[r.DOF.Scatter.BackgroundCompositing:2    ; additive background scattering]]
[2019.02.18-07.44.47:930][  0]LogConfig: Setting CVar [[r.DOF.Scatter.EnableBokehSettings:1      ; bokeh simulation when scattering]]
[2019.02.18-07.44.47:930][  0]LogConfig: Setting CVar [[r.DOF.Scatter.MaxSpriteRatio:0.1         ; only a maximum of 10% of scattered bokeh]]
[2019.02.18-07.44.47:930][  0]LogConfig: Setting CVar [[r.DOF.Recombine.Quality:1                ; cheap slight out of focus]]
[2019.02.18-07.44.47:930][  0]LogConfig: Setting CVar [[r.DOF.Recombine.EnableBokehSettings:0    ; no bokeh simulation on slight out of focus]]
[2019.02.18-07.44.47:930][  0]LogConfig: Setting CVar [[r.DOF.TemporalAAQuality:1                ; more stable temporal accumulation]]
[2019.02.18-07.44.47:930][  0]LogConfig: Setting CVar [[r.DOF.Kernel.MaxForegroundRadius:0.025]]
[2019.02.18-07.44.47:930][  0]LogConfig: Setting CVar [[r.DOF.Kernel.MaxBackgroundRadius:0.025]]
[2019.02.18-07.44.47:930][  0]LogConfig: Applying CVar settings from Section [TextureQuality@3] File [V:/200 - Game Engine/Github/Material_Library/Material_Library/Saved/Config/Windows/Scalability.ini]
[2019.02.18-07.44.47:930][  0]LogConfig: Setting CVar [[r.Streaming.MipBias:0]]
[2019.02.18-07.44.47:930][  0]LogConfig: Setting CVar [[r.Streaming.AmortizeCPUToGPUCopy:0]]
[2019.02.18-07.44.47:930][  0]LogConfig: Setting CVar [[r.Streaming.MaxNumTexturesToStreamPerFrame:0]]
[2019.02.18-07.44.47:930][  0]LogConfig: Setting CVar [[r.Streaming.Boost:1]]
[2019.02.18-07.44.47:930][  0]LogConfig: Setting CVar [[r.MaxAnisotropy:8]]
[2019.02.18-07.44.47:930][  0]LogConfig: Setting CVar [[r.Streaming.LimitPoolSizeToVRAM:0]]
[2019.02.18-07.44.47:930][  0]LogConfig: Setting CVar [[r.Streaming.PoolSize:1000]]
[2019.02.18-07.44.47:930][  0]LogConfig: Setting CVar [[r.Streaming.MaxEffectiveScreenSize:0]]
[2019.02.18-07.44.47:930][  0]LogConfig: Applying CVar settings from Section [EffectsQuality@3] File [V:/200 - Game Engine/Github/Material_Library/Material_Library/Saved/Config/Windows/Scalability.ini]
[2019.02.18-07.44.47:930][  0]LogConfig: Setting CVar [[r.TranslucencyLightingVolumeDim:64]]
[2019.02.18-07.44.47:930][  0]LogConfig: Setting CVar [[r.RefractionQuality:2]]
[2019.02.18-07.44.47:930][  0]LogConfig: Setting CVar [[r.SSR.Quality:3]]
[2019.02.18-07.44.47:930][  0]LogConfig: Setting CVar [[r.SceneColorFormat:4]]
[2019.02.18-07.44.47:930][  0]LogConfig: Setting CVar [[r.DetailMode:2]]
[2019.02.18-07.44.47:930][  0]LogConfig: Setting CVar [[r.TranslucencyVolumeBlur:1]]
[2019.02.18-07.44.47:930][  0]LogConfig: Setting CVar [[r.MaterialQualityLevel:1 ; High quality]]
[2019.02.18-07.44.47:930][  0]LogConfig: Setting CVar [[r.SSS.Scale:1]]
[2019.02.18-07.44.47:930][  0]LogConfig: Setting CVar [[r.SSS.SampleSet:2]]
[2019.02.18-07.44.47:930][  0]LogConfig: Setting CVar [[r.SSS.Quality:1]]
[2019.02.18-07.44.47:930][  0]LogConfig: Setting CVar [[r.SSS.HalfRes:1]]
[2019.02.18-07.44.47:930][  0]LogConfig: Setting CVar [[r.EmitterSpawnRateScale:1.0]]
[2019.02.18-07.44.47:930][  0]LogConfig: Setting CVar [[r.ParticleLightQuality:2]]
[2019.02.18-07.44.47:930][  0]LogConfig: Applying CVar settings from Section [FoliageQuality@3] File [V:/200 - Game Engine/Github/Material_Library/Material_Library/Saved/Config/Windows/Scalability.ini]
[2019.02.18-07.44.47:930][  0]LogConfig: Setting CVar [[foliage.DensityScale:1.0]]
[2019.02.18-07.44.47:930][  0]LogConfig: Setting CVar [[grass.DensityScale:1.0]]
[2019.02.18-07.44.47:930][  0]LogInit: Selected Device Profile: [Windows]
[2019.02.18-07.44.47:930][  0]LogInit: Applying CVar settings loaded from the selected device profile: [Windows]
[2019.02.18-07.44.47:985][  0]LogHAL: Display: Platform has ~ 32 GB [34254721024 / 34359738368 / 32], which maps to Largest [LargestMinGB=32, LargerMinGB=12, DefaultMinGB=8, SmallerMinGB=6, SmallestMinGB=0)
[2019.02.18-07.44.47:985][  0]LogConfig: Setting CVar [[r.Vulkan.UseRealUBs:1]]
[2019.02.18-07.44.47:985][  0]LogInit: Going up to parent DeviceProfile []
[2019.02.18-07.44.47:985][  0]LogConfig: Applying CVar settings from Section [ViewDistanceQuality@3] File [V:/200 - Game Engine/Github/Material_Library/Material_Library/Saved/Config/Windows/Scalability.ini]
[2019.02.18-07.44.47:985][  0]LogConfig: Setting CVar [[r.SkeletalMeshLODBias:0]]
[2019.02.18-07.44.47:985][  0]LogConfig: Setting CVar [[r.ViewDistanceScale:1.0]]
[2019.02.18-07.44.47:985][  0]LogConfig: Applying CVar settings from Section [AntiAliasingQuality@3] File [V:/200 - Game Engine/Github/Material_Library/Material_Library/Saved/Config/Windows/Scalability.ini]
[2019.02.18-07.44.47:985][  0]LogConfig: Setting CVar [[r.PostProcessAAQuality:4]]
[2019.02.18-07.44.47:985][  0]LogConfig: Applying CVar settings from Section [ShadowQuality@3] File [V:/200 - Game Engine/Github/Material_Library/Material_Library/Saved/Config/Windows/Scalability.ini]
[2019.02.18-07.44.47:985][  0]LogConfig: Setting CVar [[r.LightFunctionQuality:1]]
[2019.02.18-07.44.47:985][  0]LogConfig: Setting CVar [[r.ShadowQuality:5]]
[2019.02.18-07.44.47:985][  0]LogConfig: Setting CVar [[r.Shadow.CSM.MaxCascades:10]]
[2019.02.18-07.44.47:985][  0]LogConfig: Setting CVar [[r.Shadow.MaxResolution:2048]]
[2019.02.18-07.44.47:985][  0]LogConfig: Setting CVar [[r.Shadow.MaxCSMResolution:2048]]
[2019.02.18-07.44.47:985][  0]LogConfig: Setting CVar [[r.Shadow.RadiusThreshold:0.01]]
[2019.02.18-07.44.47:985][  0]LogConfig: Setting CVar [[r.Shadow.DistanceScale:1.0]]
[2019.02.18-07.44.47:985][  0]LogConfig: Setting CVar [[r.Shadow.CSM.TransitionScale:1.0]]
[2019.02.18-07.44.47:985][  0]LogConfig: Setting CVar [[r.Shadow.PreShadowResolutionFactor:1.0]]
[2019.02.18-07.44.47:985][  0]LogConfig: Setting CVar [[r.DistanceFieldShadowing:1]]
[2019.02.18-07.44.47:985][  0]LogConfig: Setting CVar [[r.DistanceFieldAO:1]]
[2019.02.18-07.44.47:985][  0]LogConfig: Setting CVar [[r.AOQuality:2]]
[2019.02.18-07.44.47:985][  0]LogConfig: Setting CVar [[r.VolumetricFog:1]]
[2019.02.18-07.44.47:985][  0]LogConfig: Setting CVar [[r.VolumetricFog.GridPixelSize:8]]
[2019.02.18-07.44.47:985][  0]LogConfig: Setting CVar [[r.VolumetricFog.GridSizeZ:128]]
[2019.02.18-07.44.47:985][  0]LogConfig: Setting CVar [[r.VolumetricFog.HistoryMissSupersampleCount:4]]
[2019.02.18-07.44.47:985][  0]LogConfig: Setting CVar [[r.LightMaxDrawDistanceScale:1]]
[2019.02.18-07.44.47:985][  0]LogConfig: Setting CVar [[r.CapsuleShadows:1]]
[2019.02.18-07.44.47:985][  0]LogConfig: Applying CVar settings from Section [PostProcessQuality@3] File [V:/200 - Game Engine/Github/Material_Library/Material_Library/Saved/Config/Windows/Scalability.ini]
[2019.02.18-07.44.47:985][  0]LogConfig: Setting CVar [[r.MotionBlurQuality:4]]
[2019.02.18-07.44.47:985][  0]LogConfig: Setting CVar [[r.AmbientOcclusionMipLevelFactor:0.4]]
[2019.02.18-07.44.47:985][  0]LogConfig: Setting CVar [[r.AmbientOcclusionMaxQuality:100]]
[2019.02.18-07.44.47:985][  0]LogConfig: Setting CVar [[r.AmbientOcclusionLevels:-1]]
[2019.02.18-07.44.47:985][  0]LogConfig: Setting CVar [[r.AmbientOcclusionRadiusScale:1.0]]
[2019.02.18-07.44.47:985][  0]LogConfig: Setting CVar [[r.DepthOfFieldQuality:2]]
[2019.02.18-07.44.47:985][  0]LogConfig: Setting CVar [[r.RenderTargetPoolMin:400]]
[2019.02.18-07.44.47:985][  0]LogConfig: Setting CVar [[r.LensFlareQuality:2]]
[2019.02.18-07.44.47:985][  0]LogConfig: Setting CVar [[r.SceneColorFringeQuality:1]]
[2019.02.18-07.44.47:985][  0]LogConfig: Setting CVar [[r.EyeAdaptationQuality:2]]
[2019.02.18-07.44.47:985][  0]LogConfig: Setting CVar [[r.BloomQuality:5]]
[2019.02.18-07.44.47:985][  0]LogConfig: Setting CVar [[r.FastBlurThreshold:100]]
[2019.02.18-07.44.47:985][  0]LogConfig: Setting CVar [[r.Upscale.Quality:3]]
[2019.02.18-07.44.47:985][  0]LogConfig: Setting CVar [[r.Tonemapper.GrainQuantization:1]]
[2019.02.18-07.44.47:985][  0]LogConfig: Setting CVar [[r.LightShaftQuality:1]]
[2019.02.18-07.44.47:985][  0]LogConfig: Setting CVar [[r.Filter.SizeScale:1]]
[2019.02.18-07.44.47:985][  0]LogConfig: Setting CVar [[r.Tonemapper.Quality:5]]
[2019.02.18-07.44.47:985][  0]LogConfig: Setting CVar [[r.DOF.Gather.AccumulatorQuality:1        ; higher gathering accumulator quality]]
[2019.02.18-07.44.47:985][  0]LogConfig: Setting CVar [[r.DOF.Gather.PostfilterMethod:1          ; Median3x3 postfilering method]]
[2019.02.18-07.44.47:985][  0]LogConfig: Setting CVar [[r.DOF.Gather.EnableBokehSettings:0       ; no bokeh simulation when gathering]]
[2019.02.18-07.44.47:985][  0]LogConfig: Setting CVar [[r.DOF.Gather.RingCount:4                 ; medium number of samples when gathering]]
[2019.02.18-07.44.47:985][  0]LogConfig: Setting CVar [[r.DOF.Scatter.ForegroundCompositing:1    ; additive foreground scattering]]
[2019.02.18-07.44.47:985][  0]LogConfig: Setting CVar [[r.DOF.Scatter.BackgroundCompositing:2    ; additive background scattering]]
[2019.02.18-07.44.47:985][  0]LogConfig: Setting CVar [[r.DOF.Scatter.EnableBokehSettings:1      ; bokeh simulation when scattering]]
[2019.02.18-07.44.47:985][  0]LogConfig: Setting CVar [[r.DOF.Scatter.MaxSpriteRatio:0.1         ; only a maximum of 10% of scattered bokeh]]
[2019.02.18-07.44.47:985][  0]LogConfig: Setting CVar [[r.DOF.Recombine.Quality:1                ; cheap slight out of focus]]
[2019.02.18-07.44.47:985][  0]LogConfig: Setting CVar [[r.DOF.Recombine.EnableBokehSettings:0    ; no bokeh simulation on slight out of focus]]
[2019.02.18-07.44.47:985][  0]LogConfig: Setting CVar [[r.DOF.TemporalAAQuality:1                ; more stable temporal accumulation]]
[2019.02.18-07.44.47:985][  0]LogConfig: Setting CVar [[r.DOF.Kernel.MaxForegroundRadius:0.025]]
[2019.02.18-07.44.47:985][  0]LogConfig: Setting CVar [[r.DOF.Kernel.MaxBackgroundRadius:0.025]]
[2019.02.18-07.44.47:985][  0]LogConfig: Applying CVar settings from Section [TextureQuality@3] File [V:/200 - Game Engine/Github/Material_Library/Material_Library/Saved/Config/Windows/Scalability.ini]
[2019.02.18-07.44.47:985][  0]LogConfig: Setting CVar [[r.Streaming.MipBias:0]]
[2019.02.18-07.44.47:985][  0]LogConfig: Setting CVar [[r.Streaming.AmortizeCPUToGPUCopy:0]]
[2019.02.18-07.44.47:985][  0]LogConfig: Setting CVar [[r.Streaming.MaxNumTexturesToStreamPerFrame:0]]
[2019.02.18-07.44.47:985][  0]LogConfig: Setting CVar [[r.Streaming.Boost:1]]
[2019.02.18-07.44.47:985][  0]LogConfig: Setting CVar [[r.MaxAnisotropy:8]]
[2019.02.18-07.44.47:985][  0]LogConfig: Setting CVar [[r.Streaming.LimitPoolSizeToVRAM:0]]
[2019.02.18-07.44.47:985][  0]LogConfig: Setting CVar [[r.Streaming.PoolSize:1000]]
[2019.02.18-07.44.47:985][  0]LogConfig: Setting CVar [[r.Streaming.MaxEffectiveScreenSize:0]]
[2019.02.18-07.44.47:985][  0]LogConfig: Applying CVar settings from Section [EffectsQuality@3] File [V:/200 - Game Engine/Github/Material_Library/Material_Library/Saved/Config/Windows/Scalability.ini]
[2019.02.18-07.44.47:985][  0]LogConfig: Setting CVar [[r.TranslucencyLightingVolumeDim:64]]
[2019.02.18-07.44.47:985][  0]LogConfig: Setting CVar [[r.RefractionQuality:2]]
[2019.02.18-07.44.47:985][  0]LogConfig: Setting CVar [[r.SSR.Quality:3]]
[2019.02.18-07.44.47:985][  0]LogConfig: Setting CVar [[r.SceneColorFormat:4]]
[2019.02.18-07.44.47:986][  0]LogConfig: Setting CVar [[r.DetailMode:2]]
[2019.02.18-07.44.47:986][  0]LogConfig: Setting CVar [[r.TranslucencyVolumeBlur:1]]
[2019.02.18-07.44.47:986][  0]LogConfig: Setting CVar [[r.MaterialQualityLevel:1 ; High quality]]
[2019.02.18-07.44.47:986][  0]LogConfig: Setting CVar [[r.SSS.Scale:1]]
[2019.02.18-07.44.47:986][  0]LogConfig: Setting CVar [[r.SSS.SampleSet:2]]
[2019.02.18-07.44.47:986][  0]LogConfig: Setting CVar [[r.SSS.Quality:1]]
[2019.02.18-07.44.47:986][  0]LogConfig: Setting CVar [[r.SSS.HalfRes:1]]
[2019.02.18-07.44.47:986][  0]LogConfig: Setting CVar [[r.EmitterSpawnRateScale:1.0]]
[2019.02.18-07.44.47:986][  0]LogConfig: Setting CVar [[r.ParticleLightQuality:2]]
[2019.02.18-07.44.47:986][  0]LogConfig: Applying CVar settings from Section [FoliageQuality@3] File [V:/200 - Game Engine/Github/Material_Library/Material_Library/Saved/Config/Windows/Scalability.ini]
[2019.02.18-07.44.47:986][  0]LogConfig: Setting CVar [[foliage.DensityScale:1.0]]
[2019.02.18-07.44.47:986][  0]LogConfig: Setting CVar [[grass.DensityScale:1.0]]
[2019.02.18-07.44.47:986][  0]LogConfig: Applying CVar settings from Section [Startup] File [../../../Engine/Config/ConsoleVariables.ini]
[2019.02.18-07.44.47:992][  0]LogConfig: Setting CVar [[net.UseAdaptiveNetUpdateFrequency:0]]
[2019.02.18-07.44.47:992][  0]LogConfig: Applying CVar settings from Section [ConsoleVariables] File [V:/200 - Game Engine/Github/Material_Library/Material_Library/Saved/Config/Windows/Engine.ini]
[2019.02.18-07.44.47:993][  0]LogInit: Computer: MAXWELL
[2019.02.18-07.44.47:993][  0]LogInit: User: Administrator
[2019.02.18-07.44.47:993][  0]LogInit: CPU Page size=4096, Cores=4
[2019.02.18-07.44.47:993][  0]LogInit: High frequency timer resolution =3.507508 MHz
[2019.02.18-07.44.47:993][  0]LogMemory: Memory total: Physical=31.9GB (32GB approx)
[2019.02.18-07.44.47:993][  0]LogMemory: Platform Memory Stats for Windows
[2019.02.18-07.44.47:993][  0]LogMemory: Process Physical Memory: 101.74 MB used, 101.74 MB peak
[2019.02.18-07.44.47:993][  0]LogMemory: Process Virtual Memory: 91.20 MB used, 91.20 MB peak
[2019.02.18-07.44.47:993][  0]LogMemory: Physical Memory: 24346.26 MB used,  8321.59 MB free, 32667.85 MB total
[2019.02.18-07.44.47:993][  0]LogMemory: Virtual Memory: 4647.85 MB used,  134213080.00 MB free, 134217728.00 MB total
[2019.02.18-07.44.48:050][  0]LogInit: Using OS detected language (en-US).
[2019.02.18-07.44.48:050][  0]LogInit: Using OS detected locale (en-AU).
[2019.02.18-07.44.48:051][  0]LogTextLocalizationManager: No specific localization for 'en-US' exists, so the 'en' localization will be used.
[2019.02.18-07.44.48:579][  0]LogStreaming: Display: Took  0.530s to InitEngineTextLocalization.
[2019.02.18-07.44.48:579][  0]LogInit: Setting process to per monitor DPI aware
[2019.02.18-07.44.48:684][  0]LogSlate: New Slate User Created.  User Index 0, Is Virtual User: 0
[2019.02.18-07.44.48:684][  0]LogSlate: Slate User Registered.  User Index 0, Is Virtual User: 0
[2019.02.18-07.44.51:225][  0]LogHMD: Failed to initialize OpenVR with code 110
[2019.02.18-07.44.51:226][  0]LogD3D11RHI: D3D11 adapters:
[2019.02.18-07.44.51:281][  0]LogD3D11RHI:    0. 'NVIDIA GeForce GTX 1070' (Feature Level 11_0)
[2019.02.18-07.44.51:281][  0]LogD3D11RHI:       8088/0/16333 MB DedicatedVideo/DedicatedSystem/SharedSystem, Outputs:2, VendorId:0x10de
[2019.02.18-07.44.51:295][  0]LogD3D11RHI:    1. 'Intel(R) HD Graphics 4600' (Feature Level 11_0)
[2019.02.18-07.44.51:295][  0]LogD3D11RHI:       112/0/2048 MB DedicatedVideo/DedicatedSystem/SharedSystem, Outputs:0, VendorId:0x8086
[2019.02.18-07.44.51:300][  0]LogD3D11RHI:    2. 'Microsoft Basic Render Driver' (Feature Level 11_0)
[2019.02.18-07.44.51:300][  0]LogD3D11RHI:       0/0/16333 MB DedicatedVideo/DedicatedSystem/SharedSystem, Outputs:0, VendorId:0x1414
[2019.02.18-07.44.51:300][  0]LogD3D11RHI: Chosen D3D11 Adapter: 0
[2019.02.18-07.44.51:315][  0]LogD3D11RHI: Creating new Direct3DDevice
[2019.02.18-07.44.51:315][  0]LogD3D11RHI:     GPU DeviceId: 0x1b81 (for the marketing name, search the web for "GPU Device Id")
[2019.02.18-07.44.51:315][  0]LogWindows: EnumDisplayDevices:
[2019.02.18-07.44.51:315][  0]LogWindows:    0. 'NVIDIA GeForce GTX 1070' (P:0 D:1)
[2019.02.18-07.44.51:315][  0]LogWindows:    1. 'NVIDIA GeForce GTX 1070' (P:1 D:1)
[2019.02.18-07.44.51:315][  0]LogWindows:    2. 'NVIDIA GeForce GTX 1070' (P:0 D:0)
[2019.02.18-07.44.51:316][  0]LogWindows:    3. 'NVIDIA GeForce GTX 1070' (P:0 D:0)
[2019.02.18-07.44.51:316][  0]LogWindows:    4. 'Intel(R) HD Graphics 4600' (P:0 D:0)
[2019.02.18-07.44.51:316][  0]LogWindows:    5. 'Intel(R) HD Graphics 4600' (P:0 D:0)
[2019.02.18-07.44.51:316][  0]LogWindows:    6. 'Intel(R) HD Graphics 4600' (P:0 D:0)
[2019.02.18-07.44.51:317][  0]LogWindows: DebugString: PrimaryIsNotTheChoosenAdapter PrimaryIsNotTheChoosenAdapter PrimaryIsNotTheChoosenAdapter FoundDriverCount:4 
[2019.02.18-07.44.51:317][  0]LogD3D11RHI:     Adapter Name: NVIDIA GeForce GTX 1070
[2019.02.18-07.44.51:317][  0]LogD3D11RHI:   Driver Version: 416.81 (internal:25.21.14.1681, unified:416.81)
[2019.02.18-07.44.51:317][  0]LogD3D11RHI:      Driver Date: 11-2-2018
[2019.02.18-07.44.51:317][  0]LogRHI: Texture pool is 5661 MB (70% of 8088 MB)
[2019.02.18-07.44.51:363][  0]LogD3D11RHI: Async texture creation enabled
[2019.02.18-07.44.51:399][  0]LogD3D11RHI: GPU Timing Frequency: 1000.000000 (Debug: 2 2)
[2019.02.18-07.44.51:894][  0]LogTemp: Display: Loaded TP AllDesktopTargetPlatform
[2019.02.18-07.44.51:912][  0]LogTemp: Display: Loaded TP MacClientTargetPlatform
[2019.02.18-07.44.51:930][  0]LogTemp: Display: Loaded TP MacNoEditorTargetPlatform
[2019.02.18-07.44.51:948][  0]LogTemp: Display: Loaded TP MacServerTargetPlatform
[2019.02.18-07.44.51:971][  0]LogTemp: Display: Loaded TP MacTargetPlatform
[2019.02.18-07.44.51:990][  0]LogTemp: Display: Loaded TP WindowsClientTargetPlatform
[2019.02.18-07.44.52:009][  0]LogTemp: Display: Loaded TP WindowsNoEditorTargetPlatform
[2019.02.18-07.44.52:028][  0]LogTemp: Display: Loaded TP WindowsServerTargetPlatform
[2019.02.18-07.44.52:036][  0]LogTemp: Display: Loaded TP WindowsTargetPlatform
[2019.02.18-07.44.52:134][  0]LogTemp: Display: Loaded TP AndroidTargetPlatform
[2019.02.18-07.44.52:134][  0]LogTemp: Display: Loaded TP AndroidTargetPlatform
[2019.02.18-07.44.52:134][  0]LogTemp: Display: Loaded TP AndroidTargetPlatform
[2019.02.18-07.44.52:134][  0]LogTemp: Display: Loaded TP AndroidTargetPlatform
[2019.02.18-07.44.52:134][  0]LogTemp: Display: Loaded TP AndroidTargetPlatform
[2019.02.18-07.44.52:134][  0]LogTemp: Display: Loaded TP AndroidTargetPlatform
[2019.02.18-07.44.52:134][  0]LogTemp: Display: Loaded TP AndroidTargetPlatform
[2019.02.18-07.44.52:134][  0]LogTemp: Display: Loaded TP AndroidTargetPlatform
[2019.02.18-07.44.52:134][  0]LogTemp: Display: Loaded TP AndroidTargetPlatform
[2019.02.18-07.44.52:134][  0]LogTemp: Display: Loaded TP AndroidTargetPlatform
[2019.02.18-07.44.52:134][  0]LogTemp: Display: Loaded TP AndroidTargetPlatform
[2019.02.18-07.44.52:134][  0]LogTemp: Display: Loaded TP AndroidTargetPlatform
[2019.02.18-07.44.52:134][  0]LogTemp: Display: Loaded TP AndroidTargetPlatform
[2019.02.18-07.44.52:134][  0]LogTemp: Display: Loaded TP AndroidTargetPlatform
[2019.02.18-07.44.52:134][  0]LogTemp: Display: Loaded TP AndroidTargetPlatform
[2019.02.18-07.44.52:134][  0]LogTemp: Display: Loaded TP AndroidTargetPlatform
[2019.02.18-07.44.52:134][  0]LogTemp: Display: Loaded TP AndroidTargetPlatform
[2019.02.18-07.44.52:134][  0]LogTemp: Display: Loaded TP AndroidTargetPlatform
[2019.02.18-07.44.52:136][  0]LogTemp: Display: Loaded TP HTML5TargetPlatform
[2019.02.18-07.44.52:217][  0]LogTemp: Display: Loaded TP IOSTargetPlatform
[2019.02.18-07.44.52:217][  0]LogTemp: Display: Loaded TP IOSTargetPlatform
[2019.02.18-07.44.52:253][  0]LogTemp: Display: Loaded TP TVOSTargetPlatform
[2019.02.18-07.44.52:253][  0]LogTemp: Display: Loaded TP TVOSTargetPlatform
[2019.02.18-07.44.52:272][  0]LogTemp: Display: Loaded TP LinuxClientTargetPlatform
[2019.02.18-07.44.52:291][  0]LogTemp: Display: Loaded TP LinuxNoEditorTargetPlatform
[2019.02.18-07.44.52:309][  0]LogTemp: Display: Loaded TP LinuxServerTargetPlatform
[2019.02.18-07.44.52:343][  0]LogTemp: Display: Loaded TP LinuxTargetPlatform
[2019.02.18-07.44.52:404][  0]LogTemp: Display: Loaded TP LuminTargetPlatform
[2019.02.18-07.44.52:404][  0]LogTemp: Display: Loaded TP LuminTargetPlatform
[2019.02.18-07.44.52:404][  0]LogTargetPlatformManager: Display: Building Assets For Windows
[2019.02.18-07.44.52:495][  0]LogShaderCompilers: Guid format shader working directory is -47 characters bigger than the processId version (V:/200 - Game Engine/Github/Material_Library/Material_Library/Intermediate/Shaders/WorkingDirectory/31092/).
[2019.02.18-07.44.52:495][  0]LogShaderCompilers: Cleaned the shader compiler working directory 'G:/UnrealShaderWorkingDir/85F0F8FA49E9A7C36F7F09A5C8FDED84/'.
[2019.02.18-07.44.52:499][  0]LogXGEController: Cleaning working directory: G:/UnrealXGEWorkingDir/
[2019.02.18-07.44.52:499][  0]LogXGEController: Cannot use XGE Controller as Incredibuild is not installed on this machine.
[2019.02.18-07.44.52:499][  0]LogShaderCompilers: Cannot use XGE Shader Compiler as Incredibuild is not installed on this machine.
[2019.02.18-07.44.52:499][  0]LogShaderCompilers: Display: Using Local Shader Compiler.
[2019.02.18-07.44.54:487][  0]LogDerivedDataCache: Display: Max Cache Size: 512 MB
[2019.02.18-07.44.54:584][  0]LogDerivedDataCache: Loaded boot cache 0.10s 71MB C:/Users/administrator/AppData/Local/UnrealEngine/4.21/DerivedDataCache/Boot.ddc.
[2019.02.18-07.44.54:584][  0]LogDerivedDataCache: Display: Loaded Boot cache: C:/Users/administrator/AppData/Local/UnrealEngine/4.21/DerivedDataCache/Boot.ddc
[2019.02.18-07.44.54:588][  0]LogDerivedDataCache: FDerivedDataBackendGraph:  Pak pak cache file V:/200 - Game Engine/Github/Material_Library/Material_Library/DerivedDataCache/DDC.ddp not found, will not use a pak cache.
[2019.02.18-07.44.54:588][  0]LogDerivedDataCache: Unable to find inner node Pak for hierarchical cache Hierarchy.
[2019.02.18-07.44.54:590][  0]LogDerivedDataCache: FDerivedDataBackendGraph:  CompressedPak pak cache file V:/200 - Game Engine/Github/Material_Library/Material_Library/DerivedDataCache/Compressed.ddp not found, will not use a pak cache.
[2019.02.18-07.44.54:590][  0]LogDerivedDataCache: Unable to find inner node CompressedPak for hierarchical cache Hierarchy.
[2019.02.18-07.44.54:606][  0]LogDerivedDataCache: Display: Pak cache opened for reading ../../../Engine/DerivedDataCache/Compressed.ddp.
[2019.02.18-07.44.54:610][  0]LogDerivedDataCache: Display: Pak cache opened for reading ../../../Enterprise/DerivedDataCache/Compressed.ddp.
[2019.02.18-07.44.54:622][  0]LogDerivedDataCache: Using Local data cache path C:/Users/administrator/AppData/Local/UnrealEngine/Common/DerivedDataCache: Writable
[2019.02.18-07.44.54:622][  0]LogDerivedDataCache: Shared data cache path not found in *engine.ini, will not use an Shared cache.
[2019.02.18-07.44.54:622][  0]LogDerivedDataCache: Unable to find inner node Shared for hierarchical cache Hierarchy.
[2019.02.18-07.44.54:646][  0]LogMaterial: Verifying Global Shaders for PCD3D_SM5
[2019.02.18-07.44.54:647][  0]LogSlate: Using FreeType 2.6.0
[2019.02.18-07.44.54:664][  0]LogSlate: SlateFontServices - WITH_FREETYPE: 1, WITH_HARFBUZZ: 1
[2019.02.18-07.44.54:948][  0]LogAssetRegistry: FAssetRegistry took 0.0357 seconds to start up
[2019.02.18-07.44.55:547][  0]LogInit: Selected Device Profile: [Windows]
[2019.02.18-07.44.55:836][  0]LogSimplygon: Simplygon DLL not present - disabling.
[2019.02.18-07.44.55:848][  0]LogMeshReduction: Using SimplygonSwarm for distributed automatic mesh merging
[2019.02.18-07.44.55:849][  0]LogMeshReduction: Using ProxyLODMeshReduction for automatic mesh merging
[2019.02.18-07.44.55:849][  0]LogMeshReduction: Using QuadricMeshReduction for automatic static mesh reduction
[2019.02.18-07.44.55:849][  0]LogMeshReduction: No automatic skeletal mesh reduction module available
[2019.02.18-07.44.55:894][  0]LogNetVersion: Material_Template 1.0.0, NetCL: 4541578, EngineNetVer: 5, GameNetVer: 0 (Checksum: 3217282833)
[2019.02.18-07.45.02:060][  0]LogPackageLocalizationCache: Processed 16 localized package path(s) for 2 prioritized culture(s) in 4.919302 seconds
[2019.02.18-07.45.02:067][  0]LogUObjectArray: 39775 objects as part of root set at end of initial load.
[2019.02.18-07.45.02:067][  0]LogUObjectAllocator: 6914656 out of 0 bytes used by permanent object pool.
[2019.02.18-07.45.02:067][  0]LogUObjectArray: CloseDisregardForGC: 0/0 objects in disregard for GC pool
[2019.02.18-07.45.05:056][  0]LogSubstanceCoreModule: Substance [CPU] Engine Loaded, Max Texture Size = 2048
[2019.02.18-07.45.05:064][  0]LogTcpMessaging: Initializing TcpMessaging bridge
[2019.02.18-07.45.05:079][  0]LogUdpMessaging: Initializing bridge on interface 0.0.0.0:0 to multicast group 230.0.0.1:6666.
[2019.02.18-07.45.05:079][  0]LogDirectoryWatcher: A directory notification failed for 'V:/200 - Game Engine/Github/Material_Library/Material_Library/Content/' because it was empty or there was a buffer overflow. Attemping another request...
[2019.02.18-07.45.06:010][  0]SourceControl: Source control is disabled
[2019.02.18-07.45.06:010][  0]SourceControl: Source control is disabled
[2019.02.18-07.45.06:015][  0]SourceControl: Source control is disabled
[2019.02.18-07.45.06:017][  0]SourceControl: Source control is disabled
[2019.02.18-07.45.06:388][  0]LogAndroidPermission: UAndroidPermissionCallbackProxy::GetInstance
[2019.02.18-07.45.06:470][  0]LogOcInput: OculusInput pre-init called
[2019.02.18-07.45.07:118][  0]LogPython: Python Scripts search path: V:/200 - Game Engine/Github/Material_Library/Material_Library/Content/Scripts
[2019.02.18-07.45.07:118][  0]LogPython: Python Scripts search path: ../../../Engine/Plugins/UnrealEnginePython
[2019.02.18-07.45.07:118][  0]LogPython: Python VM initialized: 3.6.2 (v3.6.2:5fd33b5, Jul  8 2017, 04:57:36) [MSC v.1900 64 bit (AMD64)]
[2019.02.18-07.45.07:821][  0]LogDirectoryWatcher: A directory notification failed for 'V:/200 - Game Engine/Github/Material_Library/Material_Library/Content/' because it was empty or there was a buffer overflow. Attemping another request...
[2019.02.18-07.45.07:824][  0]LogDirectoryWatcher: A directory notification failed for 'V:/200 - Game Engine/Github/Material_Library/Material_Library/Content/', and we were unable to create a new request.
[2019.02.18-07.45.07:831][  0]LogPython: ####################----------Python Integration for Megascans Initialized----------####################
[2019.02.18-07.45.07:831][  0]LogPython: 

[2019.02.18-07.45.07:831][  0]LogPython: C:\Program Files\Epic Games\UE_4.21\Engine\Plugins\UnrealEnginePython\
[2019.02.18-07.45.07:831][  0]LogPython: 

[2019.02.18-07.45.08:029][  0]LogPython: Megascans Integration - LiveLink Initialized...
[2019.02.18-07.45.08:029][  0]LogPython: 

[2019.02.18-07.45.08:031][  0]LogPython: ue_site Python module successfully imported
[2019.02.18-07.45.10:179][  0]LogEngine: Initializing Engine...
[2019.02.18-07.45.10:180][  0]LogHMD: Failed to initialize OpenVR with code 110
[2019.02.18-07.45.10:197][  0]LogStats: UGameplayTagsManager::ConstructGameplayTagTree: ImportINI prefixes -  0.000 s
[2019.02.18-07.45.10:197][  0]LogStats: UGameplayTagsManager::ConstructGameplayTagTree: Construct from data asset -  0.000 s
[2019.02.18-07.45.10:198][  0]LogStats: UGameplayTagsManager::ConstructGameplayTagTree: ImportINI -  0.000 s
[2019.02.18-07.45.10:198][  0]LogStats: UGameplayTagsManager::ConstructGameplayTagTree: GameplayTagTreeChangedEvent.Broadcast -  0.000 s
[2019.02.18-07.45.10:687][  0]LogInit: Initializing FReadOnlyCVARCache
[2019.02.18-07.45.10:715][  0]LogAIModule: Creating AISystem for world Untitled
[2019.02.18-07.45.10:758][  0]LogInit: XAudio2 using 'Speakers (High Definition Audio Device)' : 2 channels at 48 kHz using 16 bits per sample (channel mask 0x3)
[2019.02.18-07.45.10:774][  0]LogInit: FAudioDevice initialized.
[2019.02.18-07.45.10:774][  0]LogNetVersion: Set ProjectVersion to 1.0.0.0. Version Checksum will be recalculated on next use.
[2019.02.18-07.45.10:896][  0]LogDerivedDataCache: Saved boot cache 0.12s 71MB C:/Users/administrator/AppData/Local/UnrealEngine/4.21/DerivedDataCache/Boot.ddc.
[2019.02.18-07.45.10:905][  0]LogInit: Texture streaming: Enabled
[2019.02.18-07.45.10:927][  0]LogEngineSessionManager: EngineSessionManager initialized
[2019.02.18-07.45.10:951][  0]LogInit: Transaction tracking system initialized
[2019.02.18-07.45.11:005][  0]BlueprintLog: New page: Editor Load
[2019.02.18-07.45.11:239][  0]LocalizationService: Localization service is disabled
[2019.02.18-07.45.12:916][  0]LogCook: Display: Max memory allowance for cook 16384mb min free memory 0mb
[2019.02.18-07.45.12:917][  0]LogCook: Display: Mobile HDR setting 1
[2019.02.18-07.45.12:917][  0]LogGameplayTags: Display: UGameplayTagsManager::DoneAddingNativeTags. DelegateIsBound: 0
[2019.02.18-07.45.12:917][  0]LogStats: UGameplayTagsManager::ConstructGameplayTagTree: ImportINI prefixes -  0.000 s
[2019.02.18-07.45.12:917][  0]LogStats: UGameplayTagsManager::ConstructGameplayTagTree: Construct from data asset -  0.000 s
[2019.02.18-07.45.12:926][  0]LogStats: UGameplayTagsManager::ConstructGameplayTagTree: ImportINI -  0.010 s
[2019.02.18-07.45.12:926][  0]LogStats: UGameplayTagsManager::ConstructGameplayTagTree: GameplayTagTreeChangedEvent.Broadcast -  0.000 s
[2019.02.18-07.45.13:234][  0]LogFileCache: Scanning file cache for directory 'V:/200 - Game Engine/Github/Material_Library/Material_Library/Content/' took 0.28s
[2019.02.18-07.45.14:625][  0]SourceControl: Source control is disabled
[2019.02.18-07.45.14:625][  0]Cmd: MAP LOAD FILE="../../../Engine/Content/Maps/Templates/Template_Default.umap" TEMPLATE=1 SHOWPROGRESS=1 FEATURELEVEL=3
[2019.02.18-07.45.14:630][  0]LightingResults: New page: Lighting Build
[2019.02.18-07.45.14:634][  0]MapCheck: New page: Map Check
[2019.02.18-07.45.14:634][  0]LightingResults: New page: Lighting Build
[2019.02.18-07.45.14:926][  0]LogAIModule: Creating AISystem for world Untitled_1
[2019.02.18-07.45.14:942][  0]LogEditorServer: Finished looking for orphan Actors (0.000 secs)
[2019.02.18-07.45.14:971][  0]Cmd: MAP CHECKDEP NOCLEARLOG
[2019.02.18-07.45.14:972][  0]MapCheck: Map check complete: 0 Error(s), 0 Warning(s), took 0.381ms to complete.
[2019.02.18-07.45.14:972][  0]LogFileHelpers: Loading map 'Template_Default' took 0.346
[2019.02.18-07.45.15:102][  0]LogSlate: Updating window title bar state: overlay mode, drag disabled, window buttons hidden, title bar hidden
[2019.02.18-07.45.15:110][  0]LogSlate: Updating window title bar state: overlay mode, drag disabled, window buttons hidden, title bar hidden
[2019.02.18-07.45.15:118][  0]LogSlate: Updating window title bar state: overlay mode, drag disabled, window buttons hidden, title bar hidden
[2019.02.18-07.45.15:126][  0]LogSlate: Updating window title bar state: overlay mode, drag disabled, window buttons hidden, title bar hidden
[2019.02.18-07.45.15:155][  0]LogCollectionManager: Loaded 0 collections in 0.015079 seconds
[2019.02.18-07.45.15:197][  0]LogFileCache: Scanning file cache for directory 'V:/200 - Game Engine/Github/Material_Library/Material_Library/Saved/Collections/' took 0.02s
[2019.02.18-07.45.15:197][  0]LogCollectionManager: Rebuilt the GUID cache for 0 collections in 0.000001 seconds
[2019.02.18-07.45.15:211][  0]LogFileCache: Scanning file cache for directory 'V:/200 - Game Engine/Github/Material_Library/Material_Library/Content/Developers/Administrator/Collections/' took 0.03s
[2019.02.18-07.45.15:211][  0]LogContentBrowser: Native class hierarchy populated in 0.0137 seconds. Added 2743 classes and 669 folders.
[2019.02.18-07.45.15:223][  0]LogFileCache: Scanning file cache for directory 'V:/200 - Game Engine/Github/Material_Library/Material_Library/Content/Collections/' took 0.04s
[2019.02.18-07.45.15:223][  0]LogContentBrowser: Native class hierarchy updated for 'WidgetCarousel' in 0.0005 seconds. Added 0 classes and 0 folders.
[2019.02.18-07.45.15:233][  0]LogPakFile: Registered encryption key '00000000000000000000000000000000': 0 pak files mounted, 0 remain pending
[2019.02.18-07.45.15:245][  0]LogPakFile: Registered encryption key '00000000000000000000000000000000': 0 pak files mounted, 0 remain pending
[2019.02.18-07.45.15:291][  0]LogPakFile: Registered encryption key '00000000000000000000000000000000': 0 pak files mounted, 0 remain pending
[2019.02.18-07.45.15:299][  0]LogPakFile: Registered encryption key '00000000000000000000000000000000': 0 pak files mounted, 0 remain pending
[2019.02.18-07.45.15:307][  0]LogPakFile: Registered encryption key '00000000000000000000000000000000': 0 pak files mounted, 0 remain pending
[2019.02.18-07.45.15:315][  0]LogPakFile: Registered encryption key '00000000000000000000000000000000': 0 pak files mounted, 0 remain pending
[2019.02.18-07.45.15:323][  0]LogPakFile: Registered encryption key '00000000000000000000000000000000': 0 pak files mounted, 0 remain pending
[2019.02.18-07.45.15:334][  0]LogPakFile: Registered encryption key '00000000000000000000000000000000': 0 pak files mounted, 0 remain pending
[2019.02.18-07.45.15:348][  0]LogPakFile: Registered encryption key '00000000000000000000000000000000': 0 pak files mounted, 0 remain pending
[2019.02.18-07.45.15:368][  0]LogPakFile: Registered encryption key '00000000000000000000000000000000': 0 pak files mounted, 0 remain pending
[2019.02.18-07.45.15:379][  0]LogPakFile: Registered encryption key '00000000000000000000000000000000': 0 pak files mounted, 0 remain pending
[2019.02.18-07.45.15:386][  0]LogPakFile: Registered encryption key '00000000000000000000000000000000': 0 pak files mounted, 0 remain pending
[2019.02.18-07.45.15:394][  0]LogPakFile: Registered encryption key '00000000000000000000000000000000': 0 pak files mounted, 0 remain pending
[2019.02.18-07.45.15:402][  0]LogPakFile: Registered encryption key '00000000000000000000000000000000': 0 pak files mounted, 0 remain pending
[2019.02.18-07.45.15:412][  0]LogPakFile: Registered encryption key '00000000000000000000000000000000': 0 pak files mounted, 0 remain pending
[2019.02.18-07.45.15:419][  0]LogPakFile: Registered encryption key '00000000000000000000000000000000': 0 pak files mounted, 0 remain pending
[2019.02.18-07.45.15:465][  0]LogPakFile: Registered encryption key '00000000000000000000000000000000': 0 pak files mounted, 0 remain pending
[2019.02.18-07.45.15:472][  0]LogPakFile: Registered encryption key '00000000000000000000000000000000': 0 pak files mounted, 0 remain pending
[2019.02.18-07.45.15:479][  0]LogPakFile: Registered encryption key '00000000000000000000000000000000': 0 pak files mounted, 0 remain pending
[2019.02.18-07.45.15:486][  0]LogPakFile: Registered encryption key '00000000000000000000000000000000': 0 pak files mounted, 0 remain pending
[2019.02.18-07.45.15:534][  0]LogPakFile: Registered encryption key '00000000000000000000000000000000': 0 pak files mounted, 0 remain pending
[2019.02.18-07.45.15:540][  0]LogPakFile: Registered encryption key '00000000000000000000000000000000': 0 pak files mounted, 0 remain pending
[2019.02.18-07.45.15:546][  0]LogPakFile: Registered encryption key '00000000000000000000000000000000': 0 pak files mounted, 0 remain pending
[2019.02.18-07.45.15:553][  0]LogPakFile: Registered encryption key '00000000000000000000000000000000': 0 pak files mounted, 0 remain pending
[2019.02.18-07.45.15:559][  0]LogPakFile: Registered encryption key '00000000000000000000000000000000': 0 pak files mounted, 0 remain pending
[2019.02.18-07.45.15:566][  0]LogPakFile: Registered encryption key '00000000000000000000000000000000': 0 pak files mounted, 0 remain pending
[2019.02.18-07.45.15:571][  0]LogPakFile: Registered encryption key '00000000000000000000000000000000': 0 pak files mounted, 0 remain pending
[2019.02.18-07.45.15:577][  0]LogPakFile: Registered encryption key '00000000000000000000000000000000': 0 pak files mounted, 0 remain pending
[2019.02.18-07.45.15:727][  0]LogContentBrowser: Native class hierarchy updated for 'AddContentDialog' in 0.0003 seconds. Added 0 classes and 0 folders.
[2019.02.18-07.45.15:735][  0]LogContentBrowser: Native class hierarchy updated for 'SceneOutliner' in 0.0004 seconds. Added 1 classes and 2 folders.
[2019.02.18-07.45.15:839][  0]LogSlate: Took 0.006444 seconds to synchronously load lazily loaded font '../../../Engine/Content/Slate/Fonts/Roboto-Regular.ttf' (155K)
[2019.02.18-07.45.15:846][  0]LogSlate: Took 0.005534 seconds to synchronously load lazily loaded font '../../../Engine/Content/Slate/Fonts/Roboto-Bold.ttf' (160K)
[2019.02.18-07.45.15:857][  0]LogSlate: Took 0.005884 seconds to synchronously load lazily loaded font '../../../Engine/Content/Editor/Slate/Fonts/FontAwesome.ttf' (139K)
[2019.02.18-07.45.16:006][  0]LogRenderer: Reallocating scene render targets to support 944x676 Format 10 NumSamples 1 (Frame:1).
[2019.02.18-07.45.16:122][  0]LogContentBrowser: Native class hierarchy updated for 'HierarchicalLODOutliner' in 0.0004 seconds. Added 0 classes and 0 folders.
[2019.02.18-07.45.16:122][  0]LogLoad: (Engine Initialization) Total time: 33.46 seconds
[2019.02.18-07.45.16:122][  0]LogLoad: (Engine Initialization) Total Blueprint compile time: 0.00 seconds
[2019.02.18-07.45.16:206][  0]LogDirectoryWatcher: A directory notification failed for 'V:/200 - Game Engine/Github/Material_Library/Material_Library/Saved/Collections/' because it was empty or there was a buffer overflow. Attemping another request...
[2019.02.18-07.45.16:206][  0]LogDirectoryWatcher: A directory notification failed for 'V:/200 - Game Engine/Github/Material_Library/Material_Library/Content/Developers/Administrator/Collections/' because it was empty or there was a buffer overflow. Attemping another request...
[2019.02.18-07.45.16:206][  0]LogDirectoryWatcher: A directory notification failed for 'V:/200 - Game Engine/Github/Material_Library/Material_Library/Content/Collections/' because it was empty or there was a buffer overflow. Attemping another request...
[2019.02.18-07.45.16:208][  0]LogContentStreaming: Texture pool size now 1000 MB
[2019.02.18-07.45.16:240][  1]LogSubstanceLiveLink: Warning: Unable to send data along socket, closing connection
[2019.02.18-07.45.16:264][  1]LogAssetRegistry: Asset discovery search completed in 21.3387 seconds
[2019.02.18-07.45.16:266][  1]LogCollectionManager: Rebuilt the object cache for 0 collections in 0.000001 seconds (found 0 objects)
[2019.02.18-07.45.16:266][  1]LogCollectionManager: Fixed up redirectors for 0 collections in 0.000067 seconds (updated 0 objects)
[2019.02.18-07.45.16:266][  1]LogDirectoryWatcher: A directory notification failed for 'V:/200 - Game Engine/Github/Material_Library/Material_Library/Saved/Collections/' because it was empty or there was a buffer overflow. Attemping another request...
[2019.02.18-07.45.16:266][  1]LogDirectoryWatcher: A directory notification failed for 'V:/200 - Game Engine/Github/Material_Library/Material_Library/Saved/Collections/', and we were unable to create a new request.
[2019.02.18-07.45.16:266][  1]LogDirectoryWatcher: A directory notification failed for 'V:/200 - Game Engine/Github/Material_Library/Material_Library/Content/Collections/' because it was empty or there was a buffer overflow. Attemping another request...
[2019.02.18-07.45.16:267][  1]LogDirectoryWatcher: A directory notification failed for 'V:/200 - Game Engine/Github/Material_Library/Material_Library/Content/Collections/', and we were unable to create a new request.
[2019.02.18-07.45.16:267][  1]LogDirectoryWatcher: A directory notification failed for 'V:/200 - Game Engine/Github/Material_Library/Material_Library/Content/Developers/Administrator/Collections/' because it was empty or there was a buffer overflow. Attemping another request...
[2019.02.18-07.45.16:268][  1]LogDirectoryWatcher: A directory notification failed for 'V:/200 - Game Engine/Github/Material_Library/Material_Library/Content/Developers/Administrator/Collections/', and we were unable to create a new request.
[2019.02.18-07.45.16:924][  4]LogPython: tcp server spawned on 127.0.0.1:13428
[2019.02.18-07.45.20:517][ 13]LogSlate: Took 0.006783 seconds to synchronously load lazily loaded font '../../../Engine/Content/Slate/Fonts/Roboto-Light.ttf' (167K)
[2019.02.18-07.46.47:798][397]LogSlate: FSceneViewport::OnFocusLost() reason 0
[2019.02.18-07.46.53:655][876]LogTemp: Executing iPhonePackager certificates Engine -bundlename com.YourCompany.MaterialTemplate
[2019.02.18-07.46.53:655][876]LogTemp: CWD: C:\Program Files\Epic Games\UE_4.21\Engine\Binaries\DotNET\IOS
[2019.02.18-07.46.53:655][876]LogTemp: Initial Dir: C:\Program Files\Epic Games\UE_4.21
[2019.02.18-07.46.53:655][876]LogTemp: Env CWD: C:\Program Files\Epic Games\UE_4.21\Engine\Binaries\DotNET\IOS
[2019.02.18-07.46.53:655][876]LogTemp: BranchPath = MAXWELL/C/Program Files/Epic Games/UE_4.21/Engine/Binaries --- GameBranchPath = MAXWELL/C/Program Files/Epic Games/UE_4.21/Engine/Binaries
[2019.02.18-07.46.53:655][876]LogSlate: Only BGRA pngs, bmps or icos are supported in by External Image Picker
[2019.02.18-07.46.53:757][877]LogTemp: IPP ERROR: Could not find provision directory 'C:\Users\administrator\AppData\Local/Apple Computer/MobileDevice/Provisioning Profiles/'.
